[15:15:47] [main/INFO]: Environment: authHost='https://authserver.mojang.com', accountsHost='https://api.mojang.com', sessionHost='https://sessionserver.mojang.com', servicesHost='https://api.minecraftservices.com', name='PROD'
[15:15:48] [main/INFO]: Reloading ResourceManager: Default, bukkit
[15:15:48] [Worker-Main-13/INFO]: Loaded 7 recipes
[15:15:50] [Server thread/INFO]: Starting minecraft server version 1.16.4
[15:15:50] [Server thread/INFO]: Loading properties
[15:15:51] [Server thread/INFO]: This server is running CraftBukkit version git-Spigot-a93cbb1-7a6c3c9 (MC: 1.16.4) (Implementing API version 1.16.4-R0.1-SNAPSHOT)
[15:15:51] [Server thread/INFO]: Debug logging is disabled
[15:15:51] [Server thread/INFO]: Using 4 threads for Netty based IO
[15:15:51] [Server thread/INFO]: Server Ping Player Sample Count: 12
[15:15:51] [Server thread/INFO]: Default game type: SURVIVAL
[15:15:51] [Server thread/INFO]: Generating keypair
[15:15:51] [Server thread/INFO]: Starting Minecraft server on *:25565
[15:15:51] [Server thread/INFO]: Using default channel type
[15:15:54] [Server thread/INFO]: [ProtocolSupport] Loading ProtocolSupport v1.16.4-1
[15:15:54] [Server thread/INFO]: [ProtocolSupport] Detected Spigot server implementation type
[15:15:54] [Server thread/INFO]: [ProtocolSupport] Status threads max count: 2, keep alive time: 60
[15:15:54] [Server thread/INFO]: [ProtocolSupport] Login threads keep alive time: 60
[15:15:54] [Server thread/INFO]: [ProtocolSupport] Packet data pool per io thread capacity: 50(total ~200 spread to 4 io threads)
[15:15:54] [Server thread/INFO]: [ProtocolSupport] Assume 1.5.2 ping delay: 100
[15:15:54] [Server thread/INFO]: [ProtocolSupport] Assume legacy ping delay: 200
[15:16:00] [Server thread/INFO]: [ProtocolSupport] Compression level: 3
[15:16:00] [Server thread/INFO]: [ProtocolLib] Loading ProtocolLib v4.5.1
[15:16:00] [Server thread/WARN]: [ProtocolLib] Version (MC: 1.16.4) has not yet been tested! Proceed with caution.
[15:16:01] [Server thread/INFO]: [ProtocolSupport] Enabling ProtocolSupport v1.16.4-1
[15:16:01] [Server thread/INFO]: [ProtocolLib] Enabling ProtocolLib v4.5.1
[15:16:01] [Server thread/INFO]: [ProtocolLib] Started structure compiler thread.
[15:16:01] [Server thread/WARN]: **** SERVER IS RUNNING IN OFFLINE/INSECURE MODE!
[15:16:01] [Server thread/WARN]: The server will make no attempt to authenticate usernames. Beware.
[15:16:01] [Server thread/WARN]: Whilst this makes it possible to use BungeeCord, unless access to your server is properly restricted, it also opens up the ability for hackers to connect with any username they choose.
[15:16:01] [Server thread/WARN]: Please see http://www.spigotmc.org/wiki/firewall-guide/ for further information.
[15:16:01] [Server thread/WARN]: To change this, set "online-mode" to "true" in the server.properties file.
[15:16:01] [Server thread/INFO]: Preparing level "world"
[15:16:01] [Server thread/INFO]: -------- World Settings For [world] --------
[15:16:01] [Server thread/INFO]: Entity Tracking Range: Pl 48 / An 48 / Mo 48 / Mi 32 / Other 64
[15:16:01] [Server thread/INFO]: Allow Zombie Pigmen to spawn from portal blocks: true
[15:16:01] [Server thread/INFO]: Item Merge Radius: 2.5
[15:16:01] [Server thread/INFO]: Item Despawn Rate: 6000
[15:16:01] [Server thread/INFO]: View Distance: 10
[15:16:01] [Server thread/INFO]: Experience Merge Radius: 3.0
[15:16:01] [Server thread/INFO]: Entity Activation Range: An 32 / Mo 32 / Ra 48 / Mi 16 / Tiv true
[15:16:01] [Server thread/INFO]: Mob Spawn Range: 6
[15:16:01] [Server thread/INFO]: Cactus Growth Modifier: 100%
[15:16:01] [Server thread/INFO]: Cane Growth Modifier: 100%
[15:16:01] [Server thread/INFO]: Melon Growth Modifier: 100%
[15:16:01] [Server thread/INFO]: Mushroom Growth Modifier: 100%
[15:16:01] [Server thread/INFO]: Pumpkin Growth Modifier: 100%
[15:16:01] [Server thread/INFO]: Sapling Growth Modifier: 100%
[15:16:01] [Server thread/INFO]: Beetroot Growth Modifier: 100%
[15:16:01] [Server thread/INFO]: Carrot Growth Modifier: 100%
[15:16:01] [Server thread/INFO]: Potato Growth Modifier: 100%
[15:16:01] [Server thread/INFO]: Wheat Growth Modifier: 100%
[15:16:01] [Server thread/INFO]: NetherWart Growth Modifier: 100%
[15:16:01] [Server thread/INFO]: Vine Growth Modifier: 100%
[15:16:01] [Server thread/INFO]: Cocoa Growth Modifier: 100%
[15:16:01] [Server thread/INFO]: Bamboo Growth Modifier: 100%
[15:16:01] [Server thread/INFO]: SweetBerry Growth Modifier: 100%
[15:16:01] [Server thread/INFO]: Kelp Growth Modifier: 100%
[15:16:01] [Server thread/INFO]: Hopper Transfer: 8 Hopper Check: 1 Hopper Amount: 1
[15:16:01] [Server thread/INFO]: Tile Max Tick Time: 50ms Entity max Tick Time: 50ms
[15:16:01] [Server thread/INFO]: Max TNT Explosions: 100
[15:16:01] [Server thread/INFO]: Nerfing mobs spawned from spawners: false
[15:16:01] [Server thread/INFO]: Zombie Aggressive Towards Villager: true
[15:16:01] [Server thread/INFO]: Arrow Despawn Rate: 1200 Trident Respawn Rate:1200
[15:16:01] [Server thread/INFO]: Custom Map Seeds:  Village: 10387312 Desert: 14357617 Igloo: 14357618 Jungle: 14357619 Swamp: 14357620 Monument: 10387313 Ocean: 14357621 Shipwreck: 165745295 End City: 10387313 Slime: 987234911 Bastion: 30084232 Fortress: 30084232 Mansion: 10387319 Fossil: 14357921 Portal: 34222645
[15:16:01] [Server thread/INFO]: -------- World Settings For [world_nether] --------
[15:16:01] [Server thread/INFO]: Entity Tracking Range: Pl 48 / An 48 / Mo 48 / Mi 32 / Other 64
[15:16:01] [Server thread/INFO]: Allow Zombie Pigmen to spawn from portal blocks: true
[15:16:01] [Server thread/INFO]: Item Merge Radius: 2.5
[15:16:01] [Server thread/INFO]: Item Despawn Rate: 6000
[15:16:01] [Server thread/INFO]: View Distance: 10
[15:16:01] [Server thread/INFO]: Experience Merge Radius: 3.0
[15:16:01] [Server thread/INFO]: Entity Activation Range: An 32 / Mo 32 / Ra 48 / Mi 16 / Tiv true
[15:16:01] [Server thread/INFO]: Mob Spawn Range: 6
[15:16:01] [Server thread/INFO]: Cactus Growth Modifier: 100%
[15:16:01] [Server thread/INFO]: Cane Growth Modifier: 100%
[15:16:01] [Server thread/INFO]: Melon Growth Modifier: 100%
[15:16:01] [Server thread/INFO]: Mushroom Growth Modifier: 100%
[15:16:01] [Server thread/INFO]: Pumpkin Growth Modifier: 100%
[15:16:01] [Server thread/INFO]: Sapling Growth Modifier: 100%
[15:16:01] [Server thread/INFO]: Beetroot Growth Modifier: 100%
[15:16:01] [Server thread/INFO]: Carrot Growth Modifier: 100%
[15:16:01] [Server thread/INFO]: Potato Growth Modifier: 100%
[15:16:01] [Server thread/INFO]: Wheat Growth Modifier: 100%
[15:16:01] [Server thread/INFO]: NetherWart Growth Modifier: 100%
[15:16:01] [Server thread/INFO]: Vine Growth Modifier: 100%
[15:16:01] [Server thread/INFO]: Cocoa Growth Modifier: 100%
[15:16:01] [Server thread/INFO]: Bamboo Growth Modifier: 100%
[15:16:01] [Server thread/INFO]: SweetBerry Growth Modifier: 100%
[15:16:01] [Server thread/INFO]: Kelp Growth Modifier: 100%
[15:16:01] [Server thread/INFO]: Hopper Transfer: 8 Hopper Check: 1 Hopper Amount: 1
[15:16:01] [Server thread/INFO]: Tile Max Tick Time: 50ms Entity max Tick Time: 50ms
[15:16:01] [Server thread/INFO]: Max TNT Explosions: 100
[15:16:01] [Server thread/INFO]: Nerfing mobs spawned from spawners: false
[15:16:01] [Server thread/INFO]: Zombie Aggressive Towards Villager: true
[15:16:01] [Server thread/INFO]: Arrow Despawn Rate: 1200 Trident Respawn Rate:1200
[15:16:01] [Server thread/INFO]: Custom Map Seeds:  Village: 10387312 Desert: 14357617 Igloo: 14357618 Jungle: 14357619 Swamp: 14357620 Monument: 10387313 Ocean: 14357621 Shipwreck: 165745295 End City: 10387313 Slime: 987234911 Bastion: 30084232 Fortress: 30084232 Mansion: 10387319 Fossil: 14357921 Portal: 34222645
[15:16:01] [Server thread/INFO]: -------- World Settings For [world_the_end] --------
[15:16:01] [Server thread/INFO]: Entity Tracking Range: Pl 48 / An 48 / Mo 48 / Mi 32 / Other 64
[15:16:01] [Server thread/INFO]: Allow Zombie Pigmen to spawn from portal blocks: true
[15:16:01] [Server thread/INFO]: Item Merge Radius: 2.5
[15:16:01] [Server thread/INFO]: Item Despawn Rate: 6000
[15:16:01] [Server thread/INFO]: View Distance: 10
[15:16:01] [Server thread/INFO]: Experience Merge Radius: 3.0
[15:16:01] [Server thread/INFO]: Entity Activation Range: An 32 / Mo 32 / Ra 48 / Mi 16 / Tiv true
[15:16:01] [Server thread/INFO]: Mob Spawn Range: 6
[15:16:01] [Server thread/INFO]: Cactus Growth Modifier: 100%
[15:16:01] [Server thread/INFO]: Cane Growth Modifier: 100%
[15:16:01] [Server thread/INFO]: Melon Growth Modifier: 100%
[15:16:01] [Server thread/INFO]: Mushroom Growth Modifier: 100%
[15:16:01] [Server thread/INFO]: Pumpkin Growth Modifier: 100%
[15:16:01] [Server thread/INFO]: Sapling Growth Modifier: 100%
[15:16:01] [Server thread/INFO]: Beetroot Growth Modifier: 100%
[15:16:01] [Server thread/INFO]: Carrot Growth Modifier: 100%
[15:16:01] [Server thread/INFO]: Potato Growth Modifier: 100%
[15:16:01] [Server thread/INFO]: Wheat Growth Modifier: 100%
[15:16:01] [Server thread/INFO]: NetherWart Growth Modifier: 100%
[15:16:01] [Server thread/INFO]: Vine Growth Modifier: 100%
[15:16:01] [Server thread/INFO]: Cocoa Growth Modifier: 100%
[15:16:01] [Server thread/INFO]: Bamboo Growth Modifier: 100%
[15:16:01] [Server thread/INFO]: SweetBerry Growth Modifier: 100%
[15:16:01] [Server thread/INFO]: Kelp Growth Modifier: 100%
[15:16:01] [Server thread/INFO]: Hopper Transfer: 8 Hopper Check: 1 Hopper Amount: 1
[15:16:01] [Server thread/INFO]: Tile Max Tick Time: 50ms Entity max Tick Time: 50ms
[15:16:01] [Server thread/INFO]: Max TNT Explosions: 100
[15:16:01] [Server thread/INFO]: Nerfing mobs spawned from spawners: false
[15:16:01] [Server thread/INFO]: Zombie Aggressive Towards Villager: true
[15:16:01] [Server thread/INFO]: Arrow Despawn Rate: 1200 Trident Respawn Rate:1200
[15:16:01] [Server thread/INFO]: Custom Map Seeds:  Village: 10387312 Desert: 14357617 Igloo: 14357618 Jungle: 14357619 Swamp: 14357620 Monument: 10387313 Ocean: 14357621 Shipwreck: 165745295 End City: 10387313 Slime: 987234911 Bastion: 30084232 Fortress: 30084232 Mansion: 10387319 Fossil: 14357921 Portal: 34222645
[15:16:01] [Server thread/INFO]: Preparing start region for dimension minecraft:overworld
[15:16:03] [Server thread/INFO]: Preparing spawn area: 0%
[15:16:03] [Server thread/INFO]: Preparing spawn area: 0%
[15:16:03] [Server thread/INFO]: Preparing spawn area: 0%
[15:16:03] [Server thread/INFO]: Preparing spawn area: 0%
[15:16:05] [Worker-Main-12/INFO]: Preparing spawn area: 83%
[15:16:05] [Worker-Main-9/INFO]: Preparing spawn area: 83%
[15:16:05] [Worker-Main-12/INFO]: Preparing spawn area: 83%
[15:16:05] [Worker-Main-9/INFO]: Preparing spawn area: 83%
[15:16:06] [Worker-Main-16/INFO]: Preparing spawn area: 83%
[15:16:06] [Worker-Main-9/INFO]: Preparing spawn area: 83%
[15:16:06] [Worker-Main-9/INFO]: Preparing spawn area: 83%
[15:16:07] [Worker-Main-17/INFO]: Preparing spawn area: 83%
[15:16:07] [Worker-Main-15/INFO]: Preparing spawn area: 86%
[15:16:08] [Worker-Main-10/INFO]: Preparing spawn area: 95%
[15:16:08] [Server thread/INFO]: Time elapsed: 6917 ms
[15:16:08] [Server thread/INFO]: Preparing start region for dimension minecraft:the_nether
[15:16:09] [Server thread/INFO]: Preparing spawn area: 0%
[15:16:09] [Worker-Main-16/INFO]: Preparing spawn area: 83%
[15:16:09] [Worker-Main-10/INFO]: Preparing spawn area: 83%
[15:16:10] [Worker-Main-8/INFO]: Preparing spawn area: 84%
[15:16:10] [Worker-Main-16/INFO]: Preparing spawn area: 95%
[15:16:11] [Server thread/INFO]: Time elapsed: 2136 ms
[15:16:11] [Server thread/INFO]: Preparing start region for dimension minecraft:the_end
[15:16:11] [Server thread/INFO]: Preparing spawn area: 0%
[15:16:11] [Worker-Main-10/INFO]: Preparing spawn area: 95%
[15:16:11] [Server thread/INFO]: Time elapsed: 534 ms
[15:16:11] [Server thread/INFO]: Server permissions file permissions.yml is empty, ignoring it
[15:16:11] [Server thread/INFO]: Done (10.301s)! For help, type "help"
[15:18:11] [LoginProcessingThread/INFO]: UUID of player Dankom is 750b412c-320a-4e9b-af82-a8aaed3de23a
[15:18:11] [Server thread/INFO]: Dankom[/127.0.0.1:57613] logged in with entity id 67 at ([world]-70.5, 75.0, -62.5)
[15:18:20] [Server thread/INFO]: Dankom issued server command: /gamemode creative
[15:18:27] [Server thread/INFO]: Made Dankom a server operator
[15:18:29] [Server thread/INFO]: Dankom issued server command: /gamemode creative
[15:18:29] [Server thread/INFO]: [Dankom: Set own game mode to Creative Mode]
[15:18:38] [Server thread/INFO]: Dankom issued server command: /servers
[15:22:37] [Server thread/INFO]: Dankom lost connection: Disconnected
[15:22:37] [Server thread/INFO]: Dankom left the game
[15:24:55] [Server thread/INFO]: Stopping the server
[15:24:55] [Server thread/INFO]: Stopping server
[15:24:55] [Server thread/INFO]: [ProtocolLib] Disabling ProtocolLib v4.5.1
[15:24:55] [Server thread/INFO]: [ProtocolSupport] Disabling ProtocolSupport v1.16.4-1
[15:24:55] [Server thread/INFO]: Saving players
[15:24:55] [Server thread/INFO]: Saving worlds
[15:24:55] [Server thread/INFO]: Saving chunks for level 'ServerLevel[world]'/minecraft:overworld
[15:24:56] [Server thread/INFO]: ThreadedAnvilChunkStorage (world): All chunks are saved
[15:24:56] [Server thread/INFO]: Saving chunks for level 'ServerLevel[world_nether]'/minecraft:the_nether
[15:24:56] [Server thread/INFO]: ThreadedAnvilChunkStorage (DIM-1): All chunks are saved
[15:24:56] [Server thread/INFO]: Saving chunks for level 'ServerLevel[world_the_end]'/minecraft:the_end
[15:24:56] [Server thread/INFO]: ThreadedAnvilChunkStorage (DIM1): All chunks are saved
[15:24:56] [Server thread/INFO]: ThreadedAnvilChunkStorage (world): All chunks are saved
[15:24:56] [Server thread/INFO]: ThreadedAnvilChunkStorage (DIM-1): All chunks are saved
[15:24:56] [Server thread/INFO]: ThreadedAnvilChunkStorage (DIM1): All chunks are saved
